<?xml version="1.0" encoding="UTF-8"?>
<testsuite name="FlowExampleTest" tests="3" skipped="0" failures="0" errors="0" timestamp="2022-04-29T00:08:08" hostname="DESKTOP-5K59S2G" time="0.109">
  <properties/>
  <testcase name="when emit, should verify emissions" classname="FlowExampleTest" time="0.103"/>
  <testcase name="when emit, should verify take emissions" classname="FlowExampleTest" time="0.003"/>
  <testcase name="when emit, should verify first and last emission" classname="FlowExampleTest" time="0.003"/>
  <system-out><![CDATA[]]></system-out>
  <system-err><![CDATA[]]></system-err>
</testsuite>
